<?xml version="1.0" encoding="UTF-8"?>
<!-- Generated by org.testng.reporters.JUnitReportReporter -->
<testsuite hostname="SS-NB-L0158" name="com.movoto.scripts.dsp.Reg_103_VerifyThatSchoolsBasicInfoDisplay" tests="1" failures="0" timestamp="24 Jul 2017 21:33:54 GMT" time="0.043" errors="0">
  <testcase name="verifySchoolsBasicInfo" time="0.043" classname="com.movoto.scripts.dsp.Reg_103_VerifyThatSchoolsBasicInfoDisplay"/>
</testsuite> <!-- com.movoto.scripts.dsp.Reg_103_VerifyThatSchoolsBasicInfoDisplay -->
