<?xml version="1.0" encoding="UTF-8"?>
<!-- Generated by org.testng.reporters.JUnitReportReporter -->
<testsuite hostname="MAC-MOVOTO02s-MacBook-Pro.local" name="com.movoto.tests.PathTest" tests="1" failures="0" timestamp="15 Jun 2016 05:21:35 GMT" time="0.020" errors="0">
  <testcase name="testPath" time="0.020" classname="com.movoto.tests.PathTest"/>
</testsuite> <!-- com.movoto.tests.PathTest -->
