<?xml version="1.0" encoding="UTF-8"?>
<!-- Generated by org.testng.reporters.JUnitReportReporter -->
<testsuite hostname="SS-NB-L0158" name="com.movoto.tests.ClickTest" tests="1" failures="0" timestamp="1 Jul 2017 01:02:33 GMT" time="0.016" errors="0">
  <testcase name="clickTest" time="0.016" classname="com.movoto.tests.ClickTest"/>
</testsuite> <!-- com.movoto.tests.ClickTest -->
